<?xml version="1.0" encoding="UTF-8"?>
<!-- Generated by org.testng.reporters.JUnitXMLReporter -->
<testsuite ignored="0" hostname="SUDIDUTT-IN" failures="0" tests="4" name="Default test" time="0.116" errors="0" timestamp="2019-12-29T20:12:40 IST">
  <testcase classname="com.test.qa.checkInstall" name="sayBye" time="0.028"/>
  <testcase classname="com.test.qa.checkInstall" name="sayHello" time="0.005"/>
  <testcase classname="com.test.qa.checkInstall" name="sayPrint" time="0.004"/>
  <testcase classname="com.test.qa.checkInstall" name="saySum" time="0.004"/>
</testsuite> <!-- Default test -->
