<?xml version="1.0" encoding="UTF-8"?>
<testng-results skipped="0" failed="0" ignored="0" total="1" passed="1">
  <reporter-output>
  </reporter-output>
  <suite name="Default suite" duration-ms="12555" started-at="2019-08-23T14:40:42 IST" finished-at="2019-08-23T14:40:55 IST">
    <groups>
    </groups>
    <test name="Default test" duration-ms="12555" started-at="2019-08-23T14:40:42 IST" finished-at="2019-08-23T14:40:55 IST">
      <class name="sampleLogin_pom.tests.LoginTest">
        <test-method status="PASS" signature="setup()[pri:0, instance:sampleLogin_pom.tests.LoginTest@50b494a6]" name="setup" is-config="true" duration-ms="6118" started-at="2019-08-23T14:40:42 IST" finished-at="2019-08-23T14:40:49 IST">
          <reporter-output>
          </reporter-output>
        </test-method> <!-- setup -->
        <test-method status="PASS" signature="loginToHerokuapp()[pri:0, instance:sampleLogin_pom.tests.LoginTest@50b494a6]" name="loginToHerokuapp" duration-ms="4951" started-at="2019-08-23T14:40:49 IST" finished-at="2019-08-23T14:40:53 IST">
          <reporter-output>
          </reporter-output>
        </test-method> <!-- loginToHerokuapp -->
        <test-method status="PASS" signature="tesrDown()[pri:0, instance:sampleLogin_pom.tests.LoginTest@50b494a6]" name="tesrDown" is-config="true" duration-ms="1431" started-at="2019-08-23T14:40:53 IST" finished-at="2019-08-23T14:40:55 IST">
          <reporter-output>
          </reporter-output>
        </test-method> <!-- tesrDown -->
      </class> <!-- sampleLogin_pom.tests.LoginTest -->
    </test> <!-- Default test -->
  </suite> <!-- Default suite -->
</testng-results>
